2014-11-25 17:11:01.321 SmartSchedule[24103:70b] Error loading /System/Library/Extensions/IOHIDFamily.kext/Contents/PlugIns/IOHIDLib.plugin/Contents/MacOS/IOHIDLib:  dlopen(/System/Library/Extensions/IOHIDFamily.kext/Contents/PlugIns/IOHIDLib.plugin/Contents/MacOS/IOHIDLib, 262): Symbol not found: __dealloc
  Referenced from: /System/Library/Frameworks/CoreFoundation.framework/Versions/A/CoreFoundation
  Expected in: /Applications/Xcode.app/Contents/Developer/Platforms/iPhoneSimulator.platform/Developer/SDKs/iPhoneSimulator7.1.sdk/usr/lib/libobjc.A.dylib
 in /System/Library/Frameworks/CoreFoundation.framework/Versions/A/CoreFoundation
2014-11-25 17:11:01.322 SmartSchedule[24103:70b] Cannot find function pointer IOHIDLibFactory for factory 13AA9C44-6F1B-11D4-907C-0005028F18D5 in CFBundle/CFPlugIn 0x7b7f8890 </System/Library/Extensions/IOHIDFamily.kext/Contents/PlugIns/IOHIDLib.plugin> (bundle, not loaded)
2014-11-25 17:11:01.324 SmartSchedule[24103:70b] Error loading /System/Library/Extensions/IOHIDFamily.kext/Contents/PlugIns/IOHIDLib.plugin/Contents/MacOS/IOHIDLib:  dlopen(/System/Library/Extensions/IOHIDFamily.kext/Contents/PlugIns/IOHIDLib.plugin/Contents/MacOS/IOHIDLib, 262): Symbol not found: __dealloc
  Referenced from: /System/Library/Frameworks/CoreFoundation.framework/Versions/A/CoreFoundation
  Expected in: /Applications/Xcode.app/Contents/Developer/Platforms/iPhoneSimulator.platform/Developer/SDKs/iPhoneSimulator7.1.sdk/usr/lib/libobjc.A.dylib
 in /System/Library/Frameworks/CoreFoundation.framework/Versions/A/CoreFoundation
2014-11-25 17:11:01.324 SmartSchedule[24103:70b] Cannot find function pointer IOHIDLibFactory for factory 13AA9C44-6F1B-11D4-907C-0005028F18D5 in CFBundle/CFPlugIn 0x7b7f8890 </System/Library/Extensions/IOHIDFamily.kext/Contents/PlugIns/IOHIDLib.plugin> (bundle, not loaded)
2014-11-25 17:11:01.326 SmartSchedule[24103:70b] Error loading /System/Library/Extensions/IOHIDFamily.kext/Contents/PlugIns/IOHIDLib.plugin/Contents/MacOS/IOHIDLib:  dlopen(/System/Library/Extensions/IOHIDFamily.kext/Contents/PlugIns/IOHIDLib.plugin/Contents/MacOS/IOHIDLib, 262): Symbol not found: __dealloc
  Referenced from: /System/Library/Frameworks/CoreFoundation.framework/Versions/A/CoreFoundation
  Expected in: /Applications/Xcode.app/Contents/Developer/Platforms/iPhoneSimulator.platform/Developer/SDKs/iPhoneSimulator7.1.sdk/usr/lib/libobjc.A.dylib
 in /System/Library/Frameworks/CoreFoundation.framework/Versions/A/CoreFoundation
2014-11-25 17:11:01.326 SmartSchedule[24103:70b] Cannot find function pointer IOHIDLibFactory for factory 13AA9C44-6F1B-11D4-907C-0005028F18D5 in CFBundle/CFPlugIn 0x7b7f8890 </System/Library/Extensions/IOHIDFamily.kext/Contents/PlugIns/IOHIDLib.plugin> (bundle, not loaded)
2014-11-25 17:11:01.327 SmartSchedule[24103:70b] Error loading /System/Library/Extensions/IOHIDFamily.kext/Contents/PlugIns/IOHIDLib.plugin/Contents/MacOS/IOHIDLib:  dlopen(/System/Library/Extensions/IOHIDFamily.kext/Contents/PlugIns/IOHIDLib.plugin/Contents/MacOS/IOHIDLib, 262): Symbol not found: __dealloc
  Referenced from: /System/Library/Frameworks/CoreFoundation.framework/Versions/A/CoreFoundation
  Expected in: /Applications/Xcode.app/Contents/Developer/Platforms/iPhoneSimulator.platform/Developer/SDKs/iPhoneSimulator7.1.sdk/usr/lib/libobjc.A.dylib
 in /System/Library/Frameworks/CoreFoundation.framework/Versions/A/CoreFoundation
2014-11-25 17:11:01.328 SmartSchedule[24103:70b] Cannot find function pointer IOHIDLibFactory for factory 13AA9C44-6F1B-11D4-907C-0005028F18D5 in CFBundle/CFPlugIn 0x7b7f8890 </System/Library/Extensions/IOHIDFamily.kext/Contents/PlugIns/IOHIDLib.plugin> (bundle, not loaded)
2014-11-26 12:32:12.911 SmartSchedule[24103:70b] Error loading /System/Library/Extensions/IOHIDFamily.kext/Contents/PlugIns/IOHIDLib.plugin/Contents/MacOS/IOHIDLib:  dlopen(/System/Library/Extensions/IOHIDFamily.kext/Contents/PlugIns/IOHIDLib.plugin/Contents/MacOS/IOHIDLib, 262): Symbol not found: __dealloc
  Referenced from: /System/Library/Frameworks/CoreFoundation.framework/Versions/A/CoreFoundation
  Expected in: /Applications/Xcode.app/Contents/Developer/Platforms/iPhoneSimulator.platform/Developer/SDKs/iPhoneSimulator7.1.sdk/usr/lib/libobjc.A.dylib
 in /System/Library/Frameworks/CoreFoundation.framework/Versions/A/CoreFoundation
2014-11-26 12:32:12.915 SmartSchedule[24103:70b] Cannot find function pointer IOHIDLibFactory for factory 13AA9C44-6F1B-11D4-907C-0005028F18D5 in CFBundle/CFPlugIn 0x7b7f8890 </System/Library/Extensions/IOHIDFamily.kext/Contents/PlugIns/IOHIDLib.plugin> (bundle, not loaded)
2014-11-26 12:32:12.916 SmartSchedule[24103:70b] Error loading /System/Library/Extensions/IOHIDFamily.kext/Contents/PlugIns/IOHIDLib.plugin/Contents/MacOS/IOHIDLib:  dlopen(/System/Library/Extensions/IOHIDFamily.kext/Contents/PlugIns/IOHIDLib.plugin/Contents/MacOS/IOHIDLib, 262): Symbol not found: __dealloc
  Referenced from: /System/Library/Frameworks/CoreFoundation.framework/Versions/A/CoreFoundation
  Expected in: /Applications/Xcode.app/Contents/Developer/Platforms/iPhoneSimulator.platform/Developer/SDKs/iPhoneSimulator7.1.sdk/usr/lib/libobjc.A.dylib
 in /System/Library/Frameworks/CoreFoundation.framework/Versions/A/CoreFoundation
2014-11-26 12:32:12.918 SmartSchedule[24103:70b] Cannot find function pointer IOHIDLibFactory for factory 13AA9C44-6F1B-11D4-907C-0005028F18D5 in CFBundle/CFPlugIn 0x7b7f8890 </System/Library/Extensions/IOHIDFamily.kext/Contents/PlugIns/IOHIDLib.plugin> (bundle, not loaded)
2014-11-26 12:32:12.920 SmartSchedule[24103:70b] Error loading /System/Library/Extensions/IOHIDFamily.kext/Contents/PlugIns/IOHIDLib.plugin/Contents/MacOS/IOHIDLib:  dlopen(/System/Library/Extensions/IOHIDFamily.kext/Contents/PlugIns/IOHIDLib.plugin/Contents/MacOS/IOHIDLib, 262): Symbol not found: __dealloc
  Referenced from: /System/Library/Frameworks/CoreFoundation.framework/Versions/A/CoreFoundation
  Expected in: /Applications/Xcode.app/Contents/Developer/Platforms/iPhoneSimulator.platform/Developer/SDKs/iPhoneSimulator7.1.sdk/usr/lib/libobjc.A.dylib
 in /System/Library/Frameworks/CoreFoundation.framework/Versions/A/CoreFoundation
2014-11-26 12:32:12.920 SmartSchedule[24103:70b] Cannot find function pointer IOHIDLibFactory for factory 13AA9C44-6F1B-11D4-907C-0005028F18D5 in CFBundle/CFPlugIn 0x7b7f8890 </System/Library/Extensions/IOHIDFamily.kext/Contents/PlugIns/IOHIDLib.plugin> (bundle, not loaded)
2014-11-26 12:32:12.922 SmartSchedule[24103:70b] Error loading /System/Library/Extensions/IOHIDFamily.kext/Contents/PlugIns/IOHIDLib.plugin/Contents/MacOS/IOHIDLib:  dlopen(/System/Library/Extensions/IOHIDFamily.kext/Contents/PlugIns/IOHIDLib.plugin/Contents/MacOS/IOHIDLib, 262): Symbol not found: __dealloc
  Referenced from: /System/Library/Frameworks/CoreFoundation.framework/Versions/A/CoreFoundation
  Expected in: /Applications/Xcode.app/Contents/Developer/Platforms/iPhoneSimulator.platform/Developer/SDKs/iPhoneSimulator7.1.sdk/usr/lib/libobjc.A.dylib
 in /System/Library/Frameworks/CoreFoundation.framework/Versions/A/CoreFoundation
2014-11-26 12:32:12.922 SmartSchedule[24103:70b] Cannot find function pointer IOHIDLibFactory for factory 13AA9C44-6F1B-11D4-907C-0005028F18D5 in CFBundle/CFPlugIn 0x7b7f8890 </System/Library/Extensions/IOHIDFamily.kext/Contents/PlugIns/IOHIDLib.plugin> (bundle, not loaded)
2014-11-26 12:32:12.923 SmartSchedule[24103:70b] Error loading /System/Library/Extensions/IOHIDFamily.kext/Contents/PlugIns/IOHIDLib.plugin/Contents/MacOS/IOHIDLib:  dlopen(/System/Library/Extensions/IOHIDFamily.kext/Contents/PlugIns/IOHIDLib.plugin/Contents/MacOS/IOHIDLib, 262): Symbol not found: __dealloc
  Referenced from: /System/Library/Frameworks/CoreFoundation.framework/Versions/A/CoreFoundation
  Expected in: /Applications/Xcode.app/Contents/Developer/Platforms/iPhoneSimulator.platform/Developer/SDKs/iPhoneSimulator7.1.sdk/usr/lib/libobjc.A.dylib
 in /System/Library/Frameworks/CoreFoundation.framework/Versions/A/CoreFoundation
2014-11-26 12:32:12.924 SmartSchedule[24103:70b] Cannot find function pointer IOHIDLibFactory for factory 13AA9C44-6F1B-11D4-907C-0005028F18D5 in CFBundle/CFPlugIn 0x7b7f8890 </System/Library/Extensions/IOHIDFamily.kext/Contents/PlugIns/IOHIDLib.plugin> (bundle, not loaded)
2014-11-27 01:19:34.294 SmartSchedule[24103:70b] Error loading /System/Library/Extensions/IOHIDFamily.kext/Contents/PlugIns/IOHIDLib.plugin/Contents/MacOS/IOHIDLib:  dlopen(/System/Library/Extensions/IOHIDFamily.kext/Contents/PlugIns/IOHIDLib.plugin/Contents/MacOS/IOHIDLib, 262): Symbol not found: __dealloc
  Referenced from: /System/Library/Frameworks/CoreFoundation.framework/Versions/A/CoreFoundation
  Expected in: /Applications/Xcode.app/Contents/Developer/Platforms/iPhoneSimulator.platform/Developer/SDKs/iPhoneSimulator7.1.sdk/usr/lib/libobjc.A.dylib
 in /System/Library/Frameworks/CoreFoundation.framework/Versions/A/CoreFoundation
2014-11-27 01:19:34.299 SmartSchedule[24103:70b] Cannot find function pointer IOHIDLibFactory for factory 13AA9C44-6F1B-11D4-907C-0005028F18D5 in CFBundle/CFPlugIn 0x7b7f8890 </System/Library/Extensions/IOHIDFamily.kext/Contents/PlugIns/IOHIDLib.plugin> (bundle, not loaded)
2014-11-27 01:19:34.301 SmartSchedule[24103:70b] Error loading /System/Library/Extensions/IOHIDFamily.kext/Contents/PlugIns/IOHIDLib.plugin/Contents/MacOS/IOHIDLib:  dlopen(/System/Library/Extensions/IOHIDFamily.kext/Contents/PlugIns/IOHIDLib.plugin/Contents/MacOS/IOHIDLib, 262): Symbol not found: __dealloc
  Referenced from: /System/Library/Frameworks/CoreFoundation.framework/Versions/A/CoreFoundation
  Expected in: /Applications/Xcode.app/Contents/Developer/Platforms/iPhoneSimulator.platform/Developer/SDKs/iPhoneSimulator7.1.sdk/usr/lib/libobjc.A.dylib
 in /System/Library/Frameworks/CoreFoundation.framework/Versions/A/CoreFoundation
2014-11-27 01:19:34.302 SmartSchedule[24103:70b] Cannot find function pointer IOHIDLibFactory for factory 13AA9C44-6F1B-11D4-907C-0005028F18D5 in CFBundle/CFPlugIn 0x7b7f8890 </System/Library/Extensions/IOHIDFamily.kext/Contents/PlugIns/IOHIDLib.plugin> (bundle, not loaded)
2014-11-27 01:19:34.303 SmartSchedule[24103:70b] Error loading /System/Library/Extensions/IOHIDFamily.kext/Contents/PlugIns/IOHIDLib.plugin/Contents/MacOS/IOHIDLib:  dlopen(/System/Library/Extensions/IOHIDFamily.kext/Contents/PlugIns/IOHIDLib.plugin/Contents/MacOS/IOHIDLib, 262): Symbol not found: __dealloc
  Referenced from: /System/Library/Frameworks/CoreFoundation.framework/Versions/A/CoreFoundation
  Expected in: /Applications/Xcode.app/Contents/Developer/Platforms/iPhoneSimulator.platform/Developer/SDKs/iPhoneSimulator7.1.sdk/usr/lib/libobjc.A.dylib
 in /System/Library/Frameworks/CoreFoundation.framework/Versions/A/CoreFoundation
2014-11-27 01:19:34.304 SmartSchedule[24103:70b] Cannot find function pointer IOHIDLibFactory for factory 13AA9C44-6F1B-11D4-907C-0005028F18D5 in CFBundle/CFPlugIn 0x7b7f8890 </System/Library/Extensions/IOHIDFamily.kext/Contents/PlugIns/IOHIDLib.plugin> (bundle, not loaded)
2014-11-27 01:19:34.305 SmartSchedule[24103:70b] Error loading /System/Library/Extensions/IOHIDFamily.kext/Contents/PlugIns/IOHIDLib.plugin/Contents/MacOS/IOHIDLib:  dlopen(/System/Library/Extensions/IOHIDFamily.kext/Contents/PlugIns/IOHIDLib.plugin/Contents/MacOS/IOHIDLib, 262): Symbol not found: __dealloc
  Referenced from: /System/Library/Frameworks/CoreFoundation.framework/Versions/A/CoreFoundation
  Expected in: /Applications/Xcode.app/Contents/Developer/Platforms/iPhoneSimulator.platform/Developer/SDKs/iPhoneSimulator7.1.sdk/usr/lib/libobjc.A.dylib
 in /System/Library/Frameworks/CoreFoundation.framework/Versions/A/CoreFoundation
2014-11-27 01:19:34.305 SmartSchedule[24103:70b] Cannot find function pointer IOHIDLibFactory for factory 13AA9C44-6F1B-11D4-907C-0005028F18D5 in CFBundle/CFPlugIn 0x7b7f8890 </System/Library/Extensions/IOHIDFamily.kext/Contents/PlugIns/IOHIDLib.plugin> (bundle, not loaded)
2014-11-27 01:19:43.557 SmartSchedule[24103:70b] Error loading /System/Library/Extensions/IOHIDFamily.kext/Contents/PlugIns/IOHIDLib.plugin/Contents/MacOS/IOHIDLib:  dlopen(/System/Library/Extensions/IOHIDFamily.kext/Contents/PlugIns/IOHIDLib.plugin/Contents/MacOS/IOHIDLib, 262): Symbol not found: __dealloc
  Referenced from: /System/Library/Frameworks/CoreFoundation.framework/Versions/A/CoreFoundation
  Expected in: /Applications/Xcode.app/Contents/Developer/Platforms/iPhoneSimulator.platform/Developer/SDKs/iPhoneSimulator7.1.sdk/usr/lib/libobjc.A.dylib
 in /System/Library/Frameworks/CoreFoundation.framework/Versions/A/CoreFoundation
2014-11-27 01:19:43.558 SmartSchedule[24103:70b] Cannot find function pointer IOHIDLibFactory for factory 13AA9C44-6F1B-11D4-907C-0005028F18D5 in CFBundle/CFPlugIn 0x7b7f8890 </System/Library/Extensions/IOHIDFamily.kext/Contents/PlugIns/IOHIDLib.plugin> (bundle, not loaded)
2014-11-27 01:19:56.510 SmartSchedule[24103:70b] Error loading /System/Library/Extensions/IOHIDFamily.kext/Contents/PlugIns/IOHIDLib.plugin/Contents/MacOS/IOHIDLib:  dlopen(/System/Library/Extensions/IOHIDFamily.kext/Contents/PlugIns/IOHIDLib.plugin/Contents/MacOS/IOHIDLib, 262): Symbol not found: __dealloc
  Referenced from: /System/Library/Frameworks/CoreFoundation.framework/Versions/A/CoreFoundation
  Expected in: /Applications/Xcode.app/Contents/Developer/Platforms/iPhoneSimulator.platform/Developer/SDKs/iPhoneSimulator7.1.sdk/usr/lib/libobjc.A.dylib
 in /System/Library/Frameworks/CoreFoundation.framework/Versions/A/CoreFoundation
2014-11-27 01:19:56.510 SmartSchedule[24103:70b] Cannot find function pointer IOHIDLibFactory for factory 13AA9C44-6F1B-11D4-907C-0005028F18D5 in CFBundle/CFPlugIn 0x7b7f8890 </System/Library/Extensions/IOHIDFamily.kext/Contents/PlugIns/IOHIDLib.plugin> (bundle, not loaded)
